Using pre-set license
Built from '2020.3/staging' branch; Version is '2020.3.25f1 (9b9180224418) revision 10195328'; Using compiler version '192528614'; Build Type 'Release'
OS: 'Windows 11  (10.0.22000) 64bit Core' Language: 'en' Physical Memory: 8088 MB
BatchMode: 1, IsHumanControllingUs: 0, StartBugReporterOnCrash: 0, Is64bit: 1, IsPro: 0

COMMAND LINE ARGUMENTS:
C:\Program Files\Unity\Hub\Editor\2020.3.25f1\Editor\Unity.exe
-adb2
-batchMode
-noUpm
-name
AssetImportWorker0
-projectPath
C:/Users/gavon/Documents/UnityProjects/isekai
-logFile
Logs/AssetImportWorker0.log
-srvPort
52485
Successfully changed project path to: C:/Users/gavon/Documents/UnityProjects/isekai
C:/Users/gavon/Documents/UnityProjects/isekai
Using Asset Import Pipeline V2.
Refreshing native plugins compatible for Editor in 443.71 ms, found 3 plugins.
Preloading 0 native plugins for Editor in 0.00 ms.
Initialize engine version: 2020.3.25f1 (9b9180224418)
[Subsystems] Discovering subsystems at path C:/Program Files/Unity/Hub/Editor/2020.3.25f1/Editor/Data/Resources/UnitySubsystems
[Subsystems] Discovering subsystems at path C:/Users/gavon/Documents/UnityProjects/isekai/Assets
GfxDevice: creating device client; threaded=0
Direct3D:
    Version:  Direct3D 11.0 [level 11.1]
    Renderer: Intel(R) HD Graphics 520 (ID=0x1916)
    Vendor:   
    VRAM:     4044 MB
    Driver:   30.0.101.1340
Initialize mono
Mono path[0] = 'C:/Program Files/Unity/Hub/Editor/2020.3.25f1/Editor/Data/Managed'
Mono path[1] = 'C:/Program Files/Unity/Hub/Editor/2020.3.25f1/Editor/Data/MonoBleedingEdge/lib/mono/unityjit'
Mono config path = 'C:/Program Files/Unity/Hub/Editor/2020.3.25f1/Editor/Data/MonoBleedingEdge/etc'
Using monoOptions --debugger-agent=transport=dt_socket,embedding=1,server=y,suspend=n,address=127.0.0.1:56780
Begin MonoManager ReloadAssembly
Registering precompiled unity dll's ...
Register platform support module: C:/Program Files/Unity/Hub/Editor/2020.3.25f1/Editor/Data/PlaybackEngines/WindowsStandaloneSupport/UnityEditor.WindowsStandalone.Extensions.dll
Registered in 0.002565 seconds.
Native extension for WindowsStandalone target not found
Refreshing native plugins compatible for Editor in 308.50 ms, found 3 plugins.
Preloading 0 native plugins for Editor in 0.00 ms.
Mono: successfully reloaded assembly
- Completed reload, in  2.253 seconds
Domain Reload Profiling:
	ReloadAssembly (2253ms)
		BeginReloadAssembly (160ms)
			ExecutionOrderSort (0ms)
			DisableScriptedObjects (0ms)
			BackupInstance (0ms)
			ReleaseScriptingObjects (0ms)
			CreateAndSetChildDomain (2ms)
		EndReloadAssembly (1883ms)
			LoadAssemblies (154ms)
			RebuildTransferFunctionScriptingTraits (0ms)
			SetupTypeCache (541ms)
			ReleaseScriptCaches (0ms)
			RebuildScriptCaches (65ms)
			SetupLoadedEditorAssemblies (768ms)
				LogAssemblyErrors (0ms)
				InitializePlatformSupportModulesInManaged (12ms)
				SetLoadedEditorAssemblies (1ms)
				RefreshPlugins (309ms)
				BeforeProcessingInitializeOnLoad (39ms)
				ProcessInitializeOnLoadAttributes (291ms)
				ProcessInitializeOnLoadMethodAttributes (116ms)
				AfterProcessingInitializeOnLoad (0ms)
				EditorAssembliesLoaded (0ms)
			ExecutionOrderSort2 (0ms)
			AwakeInstancesAfterBackupRestoration (0ms)
Platform modules already initialized, skipping
Registering precompiled user dll's ...
Registered in 0.009228 seconds.
Begin MonoManager ReloadAssembly
Symbol file LoadedFromMemory doesn't match image C:\Users\gavon\Documents\UnityProjects\isekai\Library\PackageCache\com.unity.collab-proxy@1.15.15\Lib\Editor\PlasticSCM\unityplastic.dll
Native extension for WindowsStandalone target not found
Refreshing native plugins compatible for Editor in 126.40 ms, found 3 plugins.
Preloading 0 native plugins for Editor in 0.00 ms.
Mono: successfully reloaded assembly
- Completed reload, in  2.925 seconds
Domain Reload Profiling:
	ReloadAssembly (2927ms)
		BeginReloadAssembly (328ms)
			ExecutionOrderSort (0ms)
			DisableScriptedObjects (8ms)
			BackupInstance (0ms)
			ReleaseScriptingObjects (0ms)
			CreateAndSetChildDomain (49ms)
		EndReloadAssembly (2461ms)
			LoadAssemblies (221ms)
			RebuildTransferFunctionScriptingTraits (2ms)
			SetupTypeCache (854ms)
			ReleaseScriptCaches (1ms)
			RebuildScriptCaches (137ms)
			SetupLoadedEditorAssemblies (997ms)
				LogAssemblyErrors (0ms)
				InitializePlatformSupportModulesInManaged (19ms)
				SetLoadedEditorAssemblies (0ms)
				RefreshPlugins (127ms)
				BeforeProcessingInitializeOnLoad (218ms)
				ProcessInitializeOnLoadAttributes (543ms)
				ProcessInitializeOnLoadMethodAttributes (60ms)
				AfterProcessingInitializeOnLoad (29ms)
				EditorAssembliesLoaded (0ms)
			ExecutionOrderSort2 (0ms)
			AwakeInstancesAfterBackupRestoration (23ms)
Platform modules already initialized, skipping
========================================================================
Worker process is ready to serve import requests
Launched and connected shader compiler UnityShaderCompiler.exe after 0.19 seconds
Refreshing native plugins compatible for Editor in 0.95 ms, found 3 plugins.
Preloading 0 native plugins for Editor in 0.00 ms.
Unloading 3385 Unused Serialized files (Serialized files now loaded: 0)
System memory in use before: 145.5 MB.
System memory in use after: 145.7 MB.

Unloading 26 unused Assets to reduce memory usage. Loaded Objects now: 3824.
Total: 6.722600 ms (FindLiveObjects: 0.708900 ms CreateObjectMapping: 0.500300 ms MarkObjects: 4.835400 ms  DeleteObjects: 0.674800 ms)

AssetImportParameters requested are different than current active one (requested -> active):
  custom:framework-win-MediaFoundation: 216162199b28c13a410421893ffa2e32 -> 
  custom:video-decoder-ogg-theora: a1e56fd34408186e4bbccfd4996cb3dc -> 
  custom:container-muxer-webm: aa71ff27fc2769a1b78a27578f13a17b -> 
  custom:container-demuxer-webm: 4f35f7cbe854078d1ac9338744f61a02 -> 
  custom:container-demuxer-ogg: 62fdf1f143b41e24485cea50d1cbac27 -> 
  custom:video-encoder-webm-vp8: eb34c28f22e8b96e1ab97ce403110664 -> 
  custom:video-decoder-webm-vp8: 9c59270c3fd7afecdb556c50c9e8de78 -> 
  custom:audio-decoder-ogg-vorbis: bf7c407c2cedff20999df2af8eb42d56 -> 
  custom:audio-encoder-webm-vorbis: bf7c407c2cedff20999df2af8eb42d56 -> 
========================================================================
Received Import Request.
  path: Assets/Prefabs/Slime.prefab
  artifactKey: Guid(4e7eb89294469d647b9cc71ed102236d) Importer(815301076,1909f56bfc062723c751e8b465ee728b)
Start importing Assets/Prefabs/Slime.prefab using Guid(4e7eb89294469d647b9cc71ed102236d) Importer(815301076,1909f56bfc062723c751e8b465ee728b)  -> (artifact id: 'ad80e4b085c446932357bc2847609ac3') in 0.622624 seconds 
  Import took 0.645447 seconds .

========================================================================
Received Import Request.
  Time since last request: 24.064480 seconds.
  path: Assets/Prefabs/TestArea.prefab
  artifactKey: Guid(77de5b3bf3cb1e040a11817fe92eeffd) Importer(815301076,1909f56bfc062723c751e8b465ee728b)
Start importing Assets/Prefabs/TestArea.prefab using Guid(77de5b3bf3cb1e040a11817fe92eeffd) Importer(815301076,1909f56bfc062723c751e8b465ee728b)  -> (artifact id: '78a16ea937d853579e898796c0d318f8') in 0.125597 seconds 
  Import took 0.142087 seconds .

========================================================================
Received Import Request.
  Time since last request: 17.730122 seconds.
  path: Assets/Prefabs/World.prefab
  artifactKey: Guid(2bb6d16d6935e2f4298ca15f4d9f6c95) Importer(815301076,1909f56bfc062723c751e8b465ee728b)
Start importing Assets/Prefabs/World.prefab using Guid(2bb6d16d6935e2f4298ca15f4d9f6c95) Importer(815301076,1909f56bfc062723c751e8b465ee728b)  -> (artifact id: '4fd767d3988006d6b19b6daff3aec67d') in 0.089391 seconds 
  Import took 0.101979 seconds .

========================================================================
Received Import Request.
  Time since last request: 20.279775 seconds.
  path: Assets/Prefabs/Player.prefab
  artifactKey: Guid(edd37d21c0efbb44ea677ae23be37ea1) Importer(815301076,1909f56bfc062723c751e8b465ee728b)
Start importing Assets/Prefabs/Player.prefab using Guid(edd37d21c0efbb44ea677ae23be37ea1) Importer(815301076,1909f56bfc062723c751e8b465ee728b)  -> (artifact id: '2a4cee7610b611951d8c49296e5a7aa5') in 0.153890 seconds 
  Import took 0.183454 seconds .

========================================================================
Received Import Request.
  Time since last request: 37.483253 seconds.
  path: Assets/Prefabs
  artifactKey: Guid(70e75849272cf1d4991b6f4740e95449) Importer(815301076,1909f56bfc062723c751e8b465ee728b)
Start importing Assets/Prefabs using Guid(70e75849272cf1d4991b6f4740e95449) Importer(815301076,1909f56bfc062723c751e8b465ee728b)  -> (artifact id: '58866fb52a2855091d40ed3c26ed1e2d') in 0.017900 seconds 
  Import took 0.042940 seconds .

========================================================================
Received Import Request.
  Time since last request: 134.349917 seconds.
  path: Assets/Prefabs/Slime.prefab
  artifactKey: Guid(4e7eb89294469d647b9cc71ed102236d) Importer(815301076,1909f56bfc062723c751e8b465ee728b)
Start importing Assets/Prefabs/Slime.prefab using Guid(4e7eb89294469d647b9cc71ed102236d) Importer(815301076,1909f56bfc062723c751e8b465ee728b)  -> (artifact id: '8c1164a1508cd8eb740cd6a41f093d1b') in 0.085202 seconds 
  Import took 0.102340 seconds .

